[2018-12-09 13:01:01,770] ERROR {org.ballerinalang.net.http.HttpConnectorPortBindingListener} - Error in http endpoint 
java.net.BindException: Address already in use
	at sun.nio.ch.Net.bind0(Native Method)
	at sun.nio.ch.Net.bind(Net.java:433)
	at sun.nio.ch.Net.bind(Net.java:425)
	at sun.nio.ch.ServerSocketChannelImpl.bind(ServerSocketChannelImpl.java:223)
	at io.netty.channel.socket.nio.NioServerSocketChannel.doBind(NioServerSocketChannel.java:128)
	at io.netty.channel.AbstractChannel$AbstractUnsafe.bind(AbstractChannel.java:558)
	at io.netty.channel.DefaultChannelPipeline$HeadContext.bind(DefaultChannelPipeline.java:1283)
	at io.netty.channel.AbstractChannelHandlerContext.invokeBind(AbstractChannelHandlerContext.java:501)
	at io.netty.channel.AbstractChannelHandlerContext.bind(AbstractChannelHandlerContext.java:486)
	at io.netty.channel.DefaultChannelPipeline.bind(DefaultChannelPipeline.java:989)
	at io.netty.channel.AbstractChannel.bind(AbstractChannel.java:254)
	at io.netty.bootstrap.AbstractBootstrap$2.run(AbstractBootstrap.java:364)
	at io.netty.util.concurrent.AbstractEventExecutor.safeExecute(AbstractEventExecutor.java:163)
	at io.netty.util.concurrent.SingleThreadEventExecutor.runAllTasks(SingleThreadEventExecutor.java:404)
	at io.netty.channel.nio.NioEventLoop.run(NioEventLoop.java:463)
	at io.netty.util.concurrent.SingleThreadEventExecutor$5.run(SingleThreadEventExecutor.java:886)
	at io.netty.util.concurrent.FastThreadLocalRunnable.run(FastThreadLocalRunnable.java:30)
	at java.lang.Thread.run(Thread.java:748)
 
[2018-12-09 13:27:47,405] ERROR {org.ballerinax.docker.DockerPlugin} - Unable to build Docker image: thread interrupted 
org.ballerinax.docker.exceptions.DockerPluginException: Unable to build Docker image: thread interrupted
	at org.ballerinax.docker.DockerAnnotationProcessor.processDockerModel(DockerAnnotationProcessor.java:87)
	at org.ballerinax.docker.DockerPlugin.codeGenerated(DockerPlugin.java:161)
	at org.wso2.ballerinalang.compiler.BinaryFileWriter.lambda$writeExecutableBinary$0(BinaryFileWriter.java:121)
	at java.lang.Iterable.forEach(Iterable.java:75)
	at org.wso2.ballerinalang.compiler.BinaryFileWriter.writeExecutableBinary(BinaryFileWriter.java:120)
	at org.wso2.ballerinalang.compiler.BinaryFileWriter.writeExecutableBinary(BinaryFileWriter.java:102)
	at org.wso2.ballerinalang.compiler.BinaryFileWriter.write(BinaryFileWriter.java:86)
	at java.util.ArrayList.forEach(ArrayList.java:1257)
	at org.wso2.ballerinalang.compiler.Compiler.write(Compiler.java:111)
	at org.ballerinalang.packerina.BuilderUtils.compileWithTestsAndWrite(BuilderUtils.java:111)
	at org.ballerinalang.packerina.cmd.BuildCommand.execute(BuildCommand.java:98)
	at java.util.Optional.ifPresent(Optional.java:159)
	at org.ballerinalang.launcher.Main.main(Main.java:67)
Caused by: org.ballerinax.docker.generator.exceptions.DockerGenException: Unable to build Docker image: thread interrupted
	at org.ballerinax.docker.generator.DockerArtifactHandler.handleError(DockerArtifactHandler.java:170)
	at org.ballerinax.docker.generator.DockerArtifactHandler.buildImage(DockerArtifactHandler.java:165)
	at org.ballerinax.docker.generator.DockerArtifactHandler.createArtifacts(DockerArtifactHandler.java:87)
	at org.ballerinax.docker.DockerAnnotationProcessor.processDockerModel(DockerAnnotationProcessor.java:84)
	... 12 more
 
